28-08-2019 00:19:23 INFO  - Getting url environment variable and setting default value.
28-08-2019 00:19:23 INFO  - Initializing webdriver.
28-08-2019 00:19:39 INFO  - Getting url environment variable and setting default value.
28-08-2019 00:19:39 INFO  - Getting url environment variable and setting default value.
28-08-2019 00:19:39 INFO  - Initializing webdriver.
28-08-2019 00:19:39 INFO  - Getting url environment variable and setting default value.
28-08-2019 00:19:39 INFO  - Initializing webdriver.
28-08-2019 00:19:39 INFO  - Initializing webdriver.
28-08-2019 00:21:11 INFO  - Getting url environment variable and setting default value.
28-08-2019 00:21:11 INFO  - Initializing webdriver.
28-08-2019 00:21:11 INFO  - Getting url environment variable and setting default value.
28-08-2019 00:21:11 INFO  - Initializing webdriver.
28-08-2019 00:21:11 INFO  - Getting url environment variable and setting default value.
28-08-2019 00:21:11 INFO  - Initializing webdriver.
31-08-2019 10:03:40 INFO  - Getting url environment variable and setting default value.
31-08-2019 10:03:39 INFO  - Getting url environment variable and setting default value.
31-08-2019 10:03:40 INFO  - Initializing webdriver.
31-08-2019 10:03:40 INFO  - Getting url environment variable and setting default value.
31-08-2019 10:03:40 INFO  - Initializing webdriver.
31-08-2019 10:03:40 INFO  - Initializing webdriver.
31-08-2019 10:03:44 INFO  - Navigating to Home page.
31-08-2019 10:03:44 INFO  - Navigating to Home page.
31-08-2019 10:03:44 INFO  - Navigating to Home page.
31-08-2019 10:03:47 INFO  - ------------------- Starting SignInTest Test -------------------
31-08-2019 10:03:47 INFO  - Navigating to Login page.
31-08-2019 10:03:48 INFO  - ------------------- Starting CheckoutTest Test -------------------
31-08-2019 10:03:48 INFO  - Getting Test Data from JSON File which can be used in this test case.
31-08-2019 10:03:49 INFO  - Entering email for new account and submitting.
31-08-2019 10:03:49 INFO  - ------------------- Starting LogInTest Test -------------------
31-08-2019 10:03:49 INFO  - Navigating to Login page.
31-08-2019 10:03:49 INFO  - Entering personal information.
31-08-2019 10:03:50 INFO  - Browser Closed
31-08-2019 10:03:50 INFO  - Entering email, password and click submit.
31-08-2019 10:03:52 INFO  - Browser Closed
31-08-2019 10:04:00 INFO  - Browser Closed
31-08-2019 10:07:55 INFO  - Getting url environment variable and setting default value.
31-08-2019 10:07:55 INFO  - Getting url environment variable and setting default value.
31-08-2019 10:07:55 INFO  - Initializing webdriver.
31-08-2019 10:07:55 INFO  - Getting url environment variable and setting default value.
31-08-2019 10:07:55 INFO  - Initializing webdriver.
31-08-2019 10:07:55 INFO  - Initializing webdriver.
31-08-2019 10:09:40 INFO  - Getting url environment variable and setting default value.
31-08-2019 10:09:40 INFO  - Initializing webdriver.
31-08-2019 10:09:40 INFO  - Getting url environment variable and setting default value.
31-08-2019 10:09:40 INFO  - Getting url environment variable and setting default value.
31-08-2019 10:09:40 INFO  - Initializing webdriver.
31-08-2019 10:09:40 INFO  - Initializing webdriver.
31-08-2019 10:12:32 INFO  - Getting url environment variable and setting default value.
31-08-2019 10:12:32 INFO  - Initializing webdriver.
31-08-2019 10:12:32 INFO  - Getting url environment variable and setting default value.
31-08-2019 10:12:32 INFO  - Getting url environment variable and setting default value.
31-08-2019 10:12:32 INFO  - Initializing webdriver.
31-08-2019 10:12:32 INFO  - Initializing webdriver.
31-08-2019 10:13:07 INFO  - Getting url environment variable and setting default value.
31-08-2019 10:13:07 INFO  - Getting url environment variable and setting default value.
31-08-2019 10:13:07 INFO  - Initializing webdriver.
31-08-2019 10:13:07 INFO  - Getting url environment variable and setting default value.
31-08-2019 10:13:07 INFO  - Initializing webdriver.
31-08-2019 10:13:07 INFO  - Initializing webdriver.
31-08-2019 10:18:48 INFO  - Getting url environment variable and setting default value.
31-08-2019 10:18:48 INFO  - Initializing webdriver.
31-08-2019 10:18:48 INFO  - Getting url environment variable and setting default value.
31-08-2019 10:18:48 INFO  - Getting url environment variable and setting default value.
31-08-2019 10:18:48 INFO  - Initializing webdriver.
31-08-2019 10:18:48 INFO  - Initializing webdriver.
31-08-2019 10:19:19 INFO  - Getting url environment variable and setting default value.
31-08-2019 10:19:19 INFO  - Getting url environment variable and setting default value.
31-08-2019 10:19:19 INFO  - Initializing webdriver.
31-08-2019 10:19:19 INFO  - Getting url environment variable and setting default value.
31-08-2019 10:19:19 INFO  - Initializing webdriver.
31-08-2019 10:19:19 INFO  - Initializing webdriver.
31-08-2019 10:19:26 INFO  - Getting url environment variable and setting default value.
31-08-2019 10:19:26 INFO  - Initializing webdriver.
31-08-2019 10:19:26 INFO  - Getting url environment variable and setting default value.
31-08-2019 10:19:26 INFO  - Getting url environment variable and setting default value.
31-08-2019 10:19:26 INFO  - Initializing webdriver.
31-08-2019 10:19:26 INFO  - Initializing webdriver.
01-09-2019 12:09:58 INFO  - Getting url environment variable and setting default value.
01-09-2019 12:09:58 INFO  - Getting url environment variable and setting default value.
01-09-2019 12:09:58 INFO  - Initializing webdriver.
01-09-2019 12:09:58 INFO  - Getting url environment variable and setting default value.
01-09-2019 12:09:58 INFO  - Initializing webdriver.
01-09-2019 12:09:58 INFO  - Initializing webdriver.
01-09-2019 12:10:02 INFO  - Navigating to Home page.
01-09-2019 12:10:02 INFO  - Navigating to Home page.
01-09-2019 12:10:02 INFO  - Navigating to Home page.
01-09-2019 12:10:05 INFO  - ------------------- Starting LogInTest Test -------------------
01-09-2019 12:10:05 INFO  - Navigating to Login page.
01-09-2019 12:10:06 INFO  - ------------------- Starting SignInTest Test -------------------
01-09-2019 12:10:06 INFO  - Navigating to Login page.
01-09-2019 12:10:06 INFO  - ------------------- Starting CheckoutTest Test -------------------
01-09-2019 12:10:06 INFO  - Getting Test Data from JSON File which can be used in this test case.
01-09-2019 12:10:07 INFO  - Entering email, password and click submit.
01-09-2019 12:10:07 INFO  - Entering email for new account and submitting.
01-09-2019 12:10:08 INFO  - Browser Closed
01-09-2019 12:10:08 INFO  - Entering personal information.
01-09-2019 12:10:09 INFO  - Browser Closed
01-09-2019 12:10:10 INFO  - Entering date of birth.
01-09-2019 12:10:11 INFO  - Submitting user's personal information.
01-09-2019 12:10:13 INFO  - ------------------- Ending SignInTest Test -------------------
01-09-2019 12:10:13 INFO  - Browser Closed
01-09-2019 12:25:06 INFO  - Getting url environment variable and setting default value.
01-09-2019 12:25:06 INFO  - Getting url environment variable and setting default value.
01-09-2019 12:25:06 INFO  - Initializing webdriver.
01-09-2019 12:25:06 INFO  - Getting url environment variable and setting default value.
01-09-2019 12:25:06 INFO  - Initializing webdriver.
01-09-2019 12:25:06 INFO  - Initializing webdriver.
01-09-2019 12:25:09 INFO  - Navigating to Home page.
01-09-2019 12:25:09 INFO  - Navigating to Home page.
01-09-2019 12:25:09 INFO  - Navigating to Home page.
01-09-2019 12:25:12 INFO  - ------------------- Starting SignInTest Test -------------------
01-09-2019 12:25:12 INFO  - Navigating to Login page.
01-09-2019 12:25:13 INFO  - ------------------- Starting CheckoutTest Test -------------------
01-09-2019 12:25:13 INFO  - Getting Test Data from JSON File which can be used in this test case.
01-09-2019 12:25:13 INFO  - ------------------- Starting LogInTest Test -------------------
01-09-2019 12:25:13 INFO  - Navigating to Login page.
01-09-2019 12:25:14 INFO  - Entering email for new account and submitting.
01-09-2019 12:25:14 INFO  - Entering personal information.
01-09-2019 12:25:15 INFO  - Browser Closed
01-09-2019 12:25:15 INFO  - Entering email, password and click submit.
01-09-2019 12:25:16 INFO  - Entering date of birth.
01-09-2019 12:25:17 INFO  - Browser Closed
01-09-2019 12:25:17 INFO  - Submitting user's personal information.
01-09-2019 12:25:19 INFO  - ------------------- Ending SignInTest Test -------------------
01-09-2019 12:25:19 INFO  - Browser Closed
01-09-2019 12:31:02 INFO  - Getting url environment variable and setting default value.
01-09-2019 12:31:02 INFO  - Getting url environment variable and setting default value.
01-09-2019 12:31:02 INFO  - Initializing webdriver.
01-09-2019 12:31:02 INFO  - Initializing webdriver.
01-09-2019 12:31:02 INFO  - Getting url environment variable and setting default value.
01-09-2019 12:31:02 INFO  - Initializing webdriver.
01-09-2019 12:31:06 INFO  - Navigating to Home page.
01-09-2019 12:31:06 INFO  - Navigating to Home page.
01-09-2019 12:31:06 INFO  - Navigating to Home page.
01-09-2019 12:31:10 INFO  - ------------------- Starting LogInTest Test -------------------
01-09-2019 12:31:10 INFO  - Navigating to Login page.
01-09-2019 12:31:10 INFO  - ------------------- Starting CheckoutTest Test -------------------
01-09-2019 12:31:10 INFO  - Getting Test Data from JSON File which can be used in this test case.
01-09-2019 12:31:10 INFO  - ------------------- Starting SignInTest Test -------------------
01-09-2019 12:31:10 INFO  - Navigating to Login page.
01-09-2019 12:31:11 INFO  - Browser Closed
01-09-2019 12:31:12 INFO  - Entering email, password and click submit.
01-09-2019 12:31:12 INFO  - Entering email for new account and submitting.
01-09-2019 12:31:12 INFO  - Entering personal information.
01-09-2019 12:31:14 INFO  - Browser Closed
01-09-2019 12:31:14 INFO  - Entering date of birth.
01-09-2019 12:31:16 INFO  - Submitting user's personal information.
01-09-2019 12:31:17 INFO  - ------------------- Ending SignInTest Test -------------------
01-09-2019 12:31:17 INFO  - Browser Closed
01-09-2019 12:34:38 INFO  - Getting url environment variable and setting default value.
01-09-2019 12:34:38 INFO  - Getting url environment variable and setting default value.
01-09-2019 12:34:38 INFO  - Initializing webdriver.
01-09-2019 12:34:38 INFO  - Getting url environment variable and setting default value.
01-09-2019 12:34:38 INFO  - Initializing webdriver.
01-09-2019 12:34:38 INFO  - Initializing webdriver.
01-09-2019 12:34:41 INFO  - Navigating to Home page.
01-09-2019 12:34:41 INFO  - Navigating to Home page.
01-09-2019 12:34:41 INFO  - Navigating to Home page.
01-09-2019 12:34:44 INFO  - ------------------- Starting LogInTest Test -------------------
01-09-2019 12:34:44 INFO  - Navigating to Login page.
01-09-2019 12:34:45 INFO  - ------------------- Starting SignInTest Test -------------------
01-09-2019 12:34:45 INFO  - Navigating to Login page.
01-09-2019 12:34:45 INFO  - ------------------- Starting CheckoutTest Test -------------------
01-09-2019 12:34:45 INFO  - Getting Test Data from JSON File which can be used in this test case.
01-09-2019 12:34:46 INFO  - Entering email, password and click submit.
01-09-2019 12:34:46 INFO  - Entering email for new account and submitting.
01-09-2019 12:34:46 INFO  - Entering personal information.
01-09-2019 12:34:47 INFO  - Browser Closed
01-09-2019 12:34:48 INFO  - Browser Closed
01-09-2019 12:34:48 INFO  - Entering date of birth.
01-09-2019 12:34:49 INFO  - Submitting user's personal information.
01-09-2019 12:34:51 INFO  - ------------------- Ending SignInTest Test -------------------
01-09-2019 12:34:51 INFO  - Browser Closed
01-09-2019 12:51:53 INFO  - Getting url environment variable and setting default value.
01-09-2019 12:51:53 INFO  - Getting url environment variable and setting default value.
01-09-2019 12:51:53 INFO  - Initializing webdriver.
01-09-2019 12:51:53 INFO  - Getting url environment variable and setting default value.
01-09-2019 12:51:53 INFO  - Initializing webdriver.
01-09-2019 12:51:53 INFO  - Initializing webdriver.
01-09-2019 12:51:56 INFO  - Navigating to Home page.
01-09-2019 12:51:56 INFO  - Navigating to Home page.
01-09-2019 12:51:57 INFO  - Navigating to Home page.
01-09-2019 12:52:00 INFO  - ------------------- Starting SignInTest Test -------------------
01-09-2019 12:52:00 INFO  - Navigating to Login page.
01-09-2019 12:52:00 INFO  - ------------------- Starting CheckoutTest Test -------------------
01-09-2019 12:52:00 INFO  - Getting Test Data from JSON File which can be used in this test case.
01-09-2019 12:52:01 INFO  - ------------------- Starting LogInTest Test -------------------
01-09-2019 12:52:01 INFO  - Navigating to Login page.
01-09-2019 12:52:01 INFO  - Entering email for new account and submitting.
01-09-2019 12:52:02 INFO  - Entering personal information.
01-09-2019 12:52:02 INFO  - Browser Closed
01-09-2019 12:52:02 INFO  - Entering email, password and click submit.
01-09-2019 12:52:04 INFO  - Entering date of birth.
01-09-2019 12:52:04 INFO  - Browser Closed
01-09-2019 12:52:05 INFO  - Submitting user's personal information.
01-09-2019 12:52:06 INFO  - ------------------- Ending SignInTest Test -------------------
01-09-2019 12:52:07 INFO  - Browser Closed
01-09-2019 12:56:29 INFO  - Getting url environment variable and setting default value.
01-09-2019 12:56:29 INFO  - Initializing webdriver.
01-09-2019 12:56:29 INFO  - Getting url environment variable and setting default value.
01-09-2019 12:56:29 INFO  - Getting url environment variable and setting default value.
01-09-2019 12:56:29 INFO  - Initializing webdriver.
01-09-2019 12:56:29 INFO  - Initializing webdriver.
01-09-2019 12:56:32 INFO  - Navigating to Home page.
01-09-2019 12:56:32 INFO  - Navigating to Home page.
01-09-2019 12:56:33 INFO  - Navigating to Home page.
01-09-2019 12:56:36 INFO  - ------------------- Starting SignInTest Test -------------------
01-09-2019 12:56:36 INFO  - Navigating to Login page.
01-09-2019 12:56:37 INFO  - ------------------- Starting LogInTest Test -------------------
01-09-2019 12:56:37 INFO  - Navigating to Login page.
01-09-2019 12:56:37 INFO  - ------------------- Starting CheckoutTest Test -------------------
01-09-2019 12:56:37 INFO  - Getting Test Data from JSON File which can be used in this test case.
01-09-2019 12:56:38 INFO  - Entering email for new account and submitting.
01-09-2019 12:56:38 INFO  - Browser Closed
01-09-2019 12:56:38 INFO  - Entering email, password and click submit.
01-09-2019 12:56:39 INFO  - Entering personal information.
01-09-2019 12:56:41 INFO  - Browser Closed
01-09-2019 12:56:41 INFO  - Entering date of birth.
01-09-2019 12:56:42 INFO  - Submitting user's personal information.
01-09-2019 12:56:45 INFO  - ------------------- Ending SignInTest Test -------------------
01-09-2019 12:56:45 INFO  - Browser Closed
01-09-2019 19:51:48 INFO  - Getting url environment variable and setting default value.
01-09-2019 19:51:48 INFO  - Getting url environment variable and setting default value.
01-09-2019 19:51:48 INFO  - Initializing webdriver.
01-09-2019 19:51:48 INFO  - Getting url environment variable and setting default value.
01-09-2019 19:51:48 INFO  - Initializing webdriver.
01-09-2019 19:51:48 INFO  - Initializing webdriver.
01-09-2019 19:51:52 INFO  - Navigating to Home page.
01-09-2019 19:51:52 INFO  - Navigating to Home page.
01-09-2019 19:51:52 INFO  - Navigating to Home page.
01-09-2019 19:51:59 INFO  - ------------------- Starting CheckoutTest Test -------------------
01-09-2019 19:51:59 INFO  - Getting Test Data from JSON File which can be used in this test case.
01-09-2019 19:51:59 INFO  - ------------------- Starting LogInTest Test -------------------
01-09-2019 19:51:59 INFO  - Navigating to Login page.
01-09-2019 19:51:59 INFO  - ------------------- Starting SignInTest Test -------------------
01-09-2019 19:51:59 INFO  - Navigating to Login page.
01-09-2019 19:52:01 INFO  - Browser Closed
01-09-2019 19:52:01 INFO  - Entering email for new account and submitting.
01-09-2019 19:52:01 INFO  - Entering email, password and click submit.
01-09-2019 19:52:02 INFO  - Entering personal information.
01-09-2019 19:52:03 INFO  - Browser Closed
01-09-2019 19:52:04 INFO  - Entering date of birth.
01-09-2019 19:52:05 INFO  - Submitting user's personal information.
01-09-2019 19:52:06 INFO  - ------------------- Ending SignInTest Test -------------------
01-09-2019 19:52:07 INFO  - Browser Closed
01-09-2019 22:02:43 INFO  - Getting url environment variable and setting default value.
01-09-2019 22:02:43 INFO  - Getting url environment variable and setting default value.
01-09-2019 22:02:43 INFO  - Initializing webdriver.
01-09-2019 22:02:43 INFO  - Initializing webdriver.
01-09-2019 22:02:43 INFO  - Getting url environment variable and setting default value.
01-09-2019 22:02:43 INFO  - Initializing webdriver.
01-09-2019 22:02:47 INFO  - Navigating to Home page.
01-09-2019 22:02:47 INFO  - Navigating to Home page.
01-09-2019 22:02:48 INFO  - Navigating to Home page.
01-09-2019 22:02:51 INFO  - ------------------- Starting CheckoutTest Test -------------------
01-09-2019 22:02:51 INFO  - Getting Test Data from JSON File which can be used in this test case.
01-09-2019 22:02:51 INFO  - ------------------- Starting SignInTest Test -------------------
01-09-2019 22:02:51 INFO  - Navigating to Login page.
01-09-2019 22:02:52 INFO  - ------------------- Starting LogInTest Test -------------------
01-09-2019 22:02:52 INFO  - Navigating to Login page.
01-09-2019 22:02:53 INFO  - Browser Closed
01-09-2019 22:02:53 INFO  - Entering email for new account and submitting.
01-09-2019 22:02:54 INFO  - Entering personal information.
01-09-2019 22:02:54 INFO  - Entering email, password and click submit.
01-09-2019 22:02:56 INFO  - Entering date of birth.
01-09-2019 22:02:56 INFO  - Browser Closed
01-09-2019 22:02:57 INFO  - Submitting user's personal information.
01-09-2019 22:02:59 INFO  - ------------------- Ending SignInTest Test -------------------
01-09-2019 22:02:59 INFO  - Browser Closed
01-09-2019 22:04:28 INFO  - Getting url environment variable and setting default value.
01-09-2019 22:04:28 INFO  - Getting url environment variable and setting default value.
01-09-2019 22:04:28 INFO  - Initializing webdriver.
01-09-2019 22:04:28 INFO  - Getting url environment variable and setting default value.
01-09-2019 22:04:28 INFO  - Initializing webdriver.
01-09-2019 22:04:28 INFO  - Initializing webdriver.
01-09-2019 22:04:31 INFO  - Navigating to Home page.
01-09-2019 22:04:31 INFO  - Navigating to Home page.
01-09-2019 22:04:31 INFO  - Navigating to Home page.
01-09-2019 22:04:35 INFO  - ------------------- Starting CheckoutTest Test -------------------
01-09-2019 22:04:35 INFO  - Getting Test Data from JSON File which can be used in this test case.
01-09-2019 22:04:35 INFO  - ------------------- Starting SignInTest Test -------------------
01-09-2019 22:04:35 INFO  - Navigating to Login page.
01-09-2019 22:04:36 INFO  - ------------------- Starting LogInTest Test -------------------
01-09-2019 22:04:36 INFO  - Navigating to Login page.
01-09-2019 22:04:37 INFO  - Browser Closed
01-09-2019 22:04:37 INFO  - Entering email for new account and submitting.
01-09-2019 22:04:37 INFO  - Entering email, password and click submit.
01-09-2019 22:04:37 INFO  - Entering personal information.
01-09-2019 22:04:39 INFO  - Browser Closed
01-09-2019 22:04:40 INFO  - Entering date of birth.
01-09-2019 22:04:41 INFO  - Submitting user's personal information.
01-09-2019 22:04:42 INFO  - ------------------- Ending SignInTest Test -------------------
01-09-2019 22:04:42 INFO  - Browser Closed
01-09-2019 22:07:00 INFO  - Getting url environment variable and setting default value.
01-09-2019 22:07:00 INFO  - Getting url environment variable and setting default value.
01-09-2019 22:07:00 INFO  - Getting url environment variable and setting default value.
01-09-2019 22:07:00 INFO  - Initializing webdriver.
01-09-2019 22:07:00 INFO  - Initializing webdriver.
01-09-2019 22:07:00 INFO  - Initializing webdriver.
01-09-2019 22:07:04 INFO  - Navigating to Home page.
01-09-2019 22:07:05 INFO  - Navigating to Home page.
01-09-2019 22:07:05 INFO  - Navigating to Home page.
01-09-2019 22:07:08 INFO  - ------------------- Starting LogInTest Test -------------------
01-09-2019 22:07:08 INFO  - Navigating to Login page.
01-09-2019 22:07:09 INFO  - ------------------- Starting CheckoutTest Test -------------------
01-09-2019 22:07:09 INFO  - Getting Test Data from JSON File which can be used in this test case.
01-09-2019 22:07:09 INFO  - ------------------- Starting SignInTest Test -------------------
01-09-2019 22:07:09 INFO  - Navigating to Login page.
01-09-2019 22:07:10 INFO  - Entering email, password and click submit.
01-09-2019 22:07:11 INFO  - Browser Closed
01-09-2019 22:07:11 INFO  - Entering email for new account and submitting.
01-09-2019 22:07:12 INFO  - Entering personal information.
01-09-2019 22:07:12 INFO  - Browser Closed
01-09-2019 22:07:14 INFO  - Entering date of birth.
01-09-2019 22:07:15 INFO  - Submitting user's personal information.
01-09-2019 22:07:17 INFO  - ------------------- Ending SignInTest Test -------------------
01-09-2019 22:07:17 INFO  - Browser Closed
01-09-2019 22:12:38 INFO  - Getting url environment variable and setting default value.
01-09-2019 22:12:38 INFO  - Getting url environment variable and setting default value.
01-09-2019 22:12:38 INFO  - Initializing webdriver.
01-09-2019 22:12:38 INFO  - Initializing webdriver.
01-09-2019 22:12:38 INFO  - Getting url environment variable and setting default value.
01-09-2019 22:12:38 INFO  - Initializing webdriver.
01-09-2019 22:12:41 INFO  - Navigating to Home page.
01-09-2019 22:12:41 INFO  - Navigating to Home page.
01-09-2019 22:12:41 INFO  - Navigating to Home page.
01-09-2019 22:12:44 INFO  - ------------------- Starting SignInTest Test -------------------
01-09-2019 22:12:44 INFO  - Navigating to Login page.
01-09-2019 22:12:45 INFO  - ------------------- Starting CheckoutTest Test -------------------
01-09-2019 22:12:45 INFO  - Getting Test Data from JSON File which can be used in this test case.
01-09-2019 22:12:45 INFO  - ------------------- Starting LogInTest Test -------------------
01-09-2019 22:12:45 INFO  - Navigating to Login page.
01-09-2019 22:12:46 INFO  - Entering email for new account and submitting.
01-09-2019 22:12:46 INFO  - Entering personal information.
01-09-2019 22:12:47 INFO  - Entering email, password and click submit.
01-09-2019 22:12:47 INFO  - Browser Closed
01-09-2019 22:12:48 INFO  - Entering date of birth.
01-09-2019 22:12:48 INFO  - Browser Closed
01-09-2019 22:12:50 INFO  - Submitting user's personal information.
01-09-2019 22:12:51 INFO  - ------------------- Ending SignInTest Test -------------------
01-09-2019 22:12:51 INFO  - Browser Closed
01-09-2019 22:20:50 INFO  - Getting url environment variable and setting default value.
01-09-2019 22:20:50 INFO  - Getting url environment variable and setting default value.
01-09-2019 22:20:50 INFO  - Initializing webdriver.
01-09-2019 22:20:50 INFO  - Getting url environment variable and setting default value.
01-09-2019 22:20:50 INFO  - Initializing webdriver.
01-09-2019 22:20:50 INFO  - Initializing webdriver.
01-09-2019 22:20:53 INFO  - Navigating to Home page.
01-09-2019 22:20:53 INFO  - Navigating to Home page.
01-09-2019 22:20:53 INFO  - Navigating to Home page.
01-09-2019 22:20:56 INFO  - ------------------- Starting SignInTest Test -------------------
01-09-2019 22:20:56 INFO  - Navigating to Login page.
01-09-2019 22:20:57 INFO  - ------------------- Starting CheckoutTest Test -------------------
01-09-2019 22:20:57 INFO  - Getting Test Data from JSON File which can be used in this test case.
01-09-2019 22:20:57 INFO  - ------------------- Starting LogInTest Test -------------------
01-09-2019 22:20:57 INFO  - Navigating to Login page.
01-09-2019 22:20:57 INFO  - Entering email for new account and submitting.
01-09-2019 22:20:58 INFO  - Entering personal information.
01-09-2019 22:20:59 INFO  - Browser Closed
01-09-2019 22:20:59 INFO  - Entering email, password and click submit.
01-09-2019 22:21:00 INFO  - Entering date of birth.
01-09-2019 22:21:01 INFO  - Browser Closed
01-09-2019 22:21:02 INFO  - Submitting user's personal information.
01-09-2019 22:21:03 INFO  - ------------------- Ending SignInTest Test -------------------
01-09-2019 22:21:03 INFO  - Browser Closed
01-09-2019 23:21:56 INFO  - Getting url environment variable and setting default value.
01-09-2019 23:21:56 INFO  - Getting url environment variable and setting default value.
01-09-2019 23:21:56 INFO  - Initializing webdriver.
01-09-2019 23:21:56 INFO  - Getting url environment variable and setting default value.
01-09-2019 23:21:56 INFO  - Initializing webdriver.
01-09-2019 23:21:56 INFO  - Initializing webdriver.
01-09-2019 23:22:00 INFO  - Navigating to Home page.
01-09-2019 23:22:00 INFO  - Navigating to Home page.
01-09-2019 23:22:00 INFO  - Navigating to Home page.
01-09-2019 23:22:03 INFO  - ------------------- Starting CheckoutTest Test -------------------
01-09-2019 23:22:03 INFO  - Getting Test Data from JSON File which can be used in this test case.
01-09-2019 23:22:05 INFO  - Browser Closed
01-09-2019 23:22:06 INFO  - ------------------- Starting SignInTest Test -------------------
01-09-2019 23:22:06 INFO  - Navigating to Login page.
01-09-2019 23:22:07 INFO  - ------------------- Starting LogInTest Test -------------------
01-09-2019 23:22:07 INFO  - Navigating to Login page.
01-09-2019 23:22:07 INFO  - Entering email for new account and submitting.
01-09-2019 23:22:08 INFO  - Entering personal information.
01-09-2019 23:22:09 INFO  - Entering email, password and click submit.
01-09-2019 23:22:10 INFO  - Entering date of birth.
01-09-2019 23:22:12 INFO  - Browser Closed
01-09-2019 23:22:12 INFO  - Submitting user's personal information.
01-09-2019 23:22:13 INFO  - ------------------- Ending SignInTest Test -------------------
01-09-2019 23:22:13 INFO  - Browser Closed
01-09-2019 23:37:50 INFO  - Getting url environment variable and setting default value.
01-09-2019 23:37:50 INFO  - Getting url environment variable and setting default value.
01-09-2019 23:37:50 INFO  - Initializing webdriver.
01-09-2019 23:37:50 INFO  - Getting url environment variable and setting default value.
01-09-2019 23:37:50 INFO  - Initializing webdriver.
01-09-2019 23:37:50 INFO  - Initializing webdriver.
01-09-2019 23:37:52 INFO  - Navigating to Home page.
01-09-2019 23:37:52 INFO  - Navigating to Home page.
01-09-2019 23:37:52 INFO  - Navigating to Home page.
01-09-2019 23:37:57 INFO  - ------------------- Starting LogInTest Test -------------------
01-09-2019 23:37:57 INFO  - Navigating to Login page.
01-09-2019 23:37:57 INFO  - ------------------- Starting CheckoutTest Test -------------------
01-09-2019 23:37:57 INFO  - Getting Test Data from JSON File which can be used in this test case.
01-09-2019 23:37:58 INFO  - Entering email, password and click submit.
01-09-2019 23:37:59 INFO  - Browser Closed
01-09-2019 23:37:59 INFO  - ------------------- Starting SignInTest Test -------------------
01-09-2019 23:37:59 INFO  - Navigating to Login page.
01-09-2019 23:38:00 INFO  - Browser Closed
01-09-2019 23:38:00 INFO  - Entering email for new account and submitting.
01-09-2019 23:38:00 INFO  - Entering personal information.
01-09-2019 23:38:02 INFO  - Entering date of birth.
01-09-2019 23:38:03 INFO  - Submitting user's personal information.
01-09-2019 23:38:05 INFO  - ------------------- Ending SignInTest Test -------------------
01-09-2019 23:38:05 INFO  - Browser Closed
02-09-2019 00:30:29 INFO  - Getting url environment variable and setting default value.
02-09-2019 00:30:29 INFO  - Getting url environment variable and setting default value.
02-09-2019 00:30:29 INFO  - Getting url environment variable and setting default value.
02-09-2019 00:30:29 INFO  - Initializing webdriver.
02-09-2019 00:30:29 INFO  - Initializing webdriver.
02-09-2019 00:30:29 INFO  - Initializing webdriver.
02-09-2019 00:30:32 INFO  - Navigating to Home page.
02-09-2019 00:30:32 INFO  - Navigating to Home page.
02-09-2019 00:30:32 INFO  - Navigating to Home page.
02-09-2019 00:30:36 INFO  - ------------------- Starting LogInTest Test -------------------
02-09-2019 00:30:36 INFO  - Navigating to Login page.
02-09-2019 00:30:36 INFO  - ------------------- Starting SignInTest Test -------------------
02-09-2019 00:30:36 INFO  - Navigating to Login page.
02-09-2019 00:30:37 INFO  - ------------------- Starting CheckoutTest Test -------------------
02-09-2019 00:30:37 INFO  - Getting Test Data from JSON File which can be used in this test case.
02-09-2019 00:30:37 INFO  - Entering email, password and click submit.
02-09-2019 00:30:38 INFO  - Entering email for new account and submitting.
02-09-2019 00:30:38 INFO  - Browser Closed
02-09-2019 00:30:38 INFO  - Entering personal information.
02-09-2019 00:30:39 INFO  - Browser Closed
02-09-2019 00:30:40 INFO  - Entering date of birth.
02-09-2019 00:30:41 INFO  - Submitting user's personal information.
02-09-2019 00:30:43 INFO  - ------------------- Ending SignInTest Test -------------------
02-09-2019 00:30:43 INFO  - Browser Closed
02-09-2019 00:32:09 INFO  - Getting url environment variable and setting default value.
02-09-2019 00:32:09 INFO  - Initializing webdriver.
02-09-2019 00:32:11 INFO  - Navigating to Home page.
02-09-2019 00:32:14 INFO  - ------------------- Starting CheckoutTest Test -------------------
02-09-2019 00:32:14 INFO  - Getting Test Data from JSON File which can be used in this test case.
02-09-2019 00:32:15 INFO  - Browser Closed
02-09-2019 00:32:15 INFO  - Getting url environment variable and setting default value.
02-09-2019 00:32:15 INFO  - Initializing webdriver.
02-09-2019 00:32:17 INFO  - Navigating to Home page.
02-09-2019 00:32:20 INFO  - ------------------- Starting LogInTest Test -------------------
02-09-2019 00:32:20 INFO  - Navigating to Login page.
02-09-2019 00:32:21 INFO  - Entering email, password and click submit.
02-09-2019 00:32:22 INFO  - Browser Closed
02-09-2019 00:32:22 INFO  - Getting url environment variable and setting default value.
02-09-2019 00:32:22 INFO  - Initializing webdriver.
02-09-2019 00:32:24 INFO  - Navigating to Home page.
02-09-2019 00:32:27 INFO  - ------------------- Starting SignInTest Test -------------------
02-09-2019 00:32:27 INFO  - Navigating to Login page.
02-09-2019 00:32:28 INFO  - Entering email for new account and submitting.
02-09-2019 00:32:28 INFO  - Entering personal information.
02-09-2019 00:32:30 INFO  - Entering date of birth.
02-09-2019 00:32:32 INFO  - Submitting user's personal information.
02-09-2019 00:32:33 INFO  - ------------------- Ending SignInTest Test -------------------
02-09-2019 00:32:33 INFO  - Browser Closed
02-09-2019 00:43:11 INFO  - Getting url environment variable and setting default value.
02-09-2019 00:43:11 INFO  - Initializing webdriver.
02-09-2019 00:43:13 INFO  - Navigating to Home page.
02-09-2019 00:43:16 INFO  - ------------------- Starting CheckoutTest Test -------------------
02-09-2019 00:43:16 INFO  - Getting Test Data from JSON File which can be used in this test case.
02-09-2019 00:43:17 INFO  - Browser Closed
02-09-2019 00:43:17 INFO  - Getting url environment variable and setting default value.
02-09-2019 00:43:17 INFO  - Initializing webdriver.
02-09-2019 00:43:18 INFO  - Navigating to Home page.
02-09-2019 00:43:21 INFO  - ------------------- Starting LogInTest Test -------------------
02-09-2019 00:43:21 INFO  - Navigating to Login page.
02-09-2019 00:43:22 INFO  - Entering email, password and click submit.
02-09-2019 00:43:24 INFO  - Browser Closed
02-09-2019 00:43:24 INFO  - Getting url environment variable and setting default value.
02-09-2019 00:43:24 INFO  - Initializing webdriver.
02-09-2019 00:43:25 INFO  - Navigating to Home page.
02-09-2019 00:43:28 INFO  - ------------------- Starting SignInTest Test -------------------
02-09-2019 00:43:28 INFO  - Navigating to Login page.
02-09-2019 00:43:29 INFO  - Entering email for new account and submitting.
02-09-2019 00:43:30 INFO  - Entering personal information.
02-09-2019 00:43:31 INFO  - Entering date of birth.
02-09-2019 00:43:33 INFO  - Submitting user's personal information.
02-09-2019 00:43:34 INFO  - ------------------- Ending SignInTest Test -------------------
02-09-2019 00:43:34 INFO  - Browser Closed
02-09-2019 00:47:52 INFO  - Getting url environment variable and setting default value.
02-09-2019 00:47:52 INFO  - Initializing webdriver.
02-09-2019 00:47:54 INFO  - Navigating to Home page.
02-09-2019 00:47:57 INFO  - ------------------- Starting CheckoutTest Test -------------------
02-09-2019 00:47:57 INFO  - Getting Test Data from JSON File which can be used in this test case.
02-09-2019 00:47:58 INFO  - Browser Closed
02-09-2019 00:47:58 INFO  - Getting url environment variable and setting default value.
02-09-2019 00:47:58 INFO  - Initializing webdriver.
02-09-2019 00:47:59 INFO  - Navigating to Home page.
02-09-2019 00:48:02 INFO  - ------------------- Starting LogInTest Test -------------------
02-09-2019 00:48:02 INFO  - Navigating to Login page.
02-09-2019 00:48:03 INFO  - Entering email, password and click submit.
02-09-2019 00:48:05 INFO  - Browser Closed
02-09-2019 00:48:05 INFO  - Getting url environment variable and setting default value.
02-09-2019 00:48:05 INFO  - Initializing webdriver.
02-09-2019 00:48:06 INFO  - Navigating to Home page.
02-09-2019 00:48:09 INFO  - ------------------- Starting SignInTest Test -------------------
02-09-2019 00:48:09 INFO  - Navigating to Login page.
02-09-2019 00:48:11 INFO  - Entering email for new account and submitting.
02-09-2019 00:48:11 INFO  - Entering personal information.
02-09-2019 00:48:13 INFO  - Entering date of birth.
02-09-2019 00:48:14 INFO  - Submitting user's personal information.
02-09-2019 00:48:15 INFO  - ------------------- Ending SignInTest Test -------------------
02-09-2019 00:48:15 INFO  - Browser Closed
02-09-2019 00:56:15 INFO  - Getting url environment variable and setting default value.
02-09-2019 00:56:15 INFO  - Initializing webdriver.
02-09-2019 00:56:17 INFO  - Navigating to Home page.
02-09-2019 00:56:20 INFO  - ------------------- Starting CheckoutTest Test -------------------
02-09-2019 00:56:20 INFO  - Getting Test Data from JSON File which can be used in this test case.
02-09-2019 00:56:21 INFO  - Browser Closed
02-09-2019 00:56:21 INFO  - Getting url environment variable and setting default value.
02-09-2019 00:56:21 INFO  - Initializing webdriver.
02-09-2019 00:56:23 INFO  - Navigating to Home page.
02-09-2019 00:56:26 INFO  - ------------------- Starting LogInTest Test -------------------
02-09-2019 00:56:26 INFO  - Navigating to Login page.
02-09-2019 00:56:27 INFO  - Entering email, password and click submit.
02-09-2019 00:56:28 INFO  - Browser Closed
02-09-2019 00:56:28 INFO  - Getting url environment variable and setting default value.
02-09-2019 00:56:28 INFO  - Initializing webdriver.
02-09-2019 00:56:29 INFO  - Navigating to Home page.
02-09-2019 00:56:32 INFO  - ------------------- Starting SignInTest Test -------------------
02-09-2019 00:56:32 INFO  - Navigating to Login page.
02-09-2019 00:56:34 INFO  - Entering email for new account and submitting.
02-09-2019 00:56:34 INFO  - Entering personal information.
02-09-2019 00:56:36 INFO  - Entering date of birth.
02-09-2019 00:56:37 INFO  - Submitting user's personal information.
02-09-2019 00:56:38 INFO  - ------------------- Ending SignInTest Test -------------------
02-09-2019 00:56:38 INFO  - Browser Closed
02-09-2019 01:12:18 INFO  - Getting url environment variable and setting default value.
02-09-2019 01:12:18 INFO  - Initializing webdriver.
02-09-2019 01:12:20 INFO  - Navigating to Home page.
02-09-2019 01:12:23 INFO  - ------------------- Starting CheckoutTest Test -------------------
02-09-2019 01:12:23 INFO  - Getting Test Data from JSON File which can be used in this test case.
02-09-2019 01:12:25 INFO  - Browser Closed
02-09-2019 01:12:25 INFO  - Getting url environment variable and setting default value.
02-09-2019 01:12:25 INFO  - Initializing webdriver.
02-09-2019 01:12:26 INFO  - Navigating to Home page.
02-09-2019 01:12:29 INFO  - ------------------- Starting LogInTest Test -------------------
02-09-2019 01:12:29 INFO  - Navigating to Login page.
02-09-2019 01:12:30 INFO  - Entering email, password and click submit.
02-09-2019 01:12:32 INFO  - Browser Closed
02-09-2019 01:12:32 INFO  - Getting url environment variable and setting default value.
02-09-2019 01:12:32 INFO  - Initializing webdriver.
02-09-2019 01:12:33 INFO  - Navigating to Home page.
02-09-2019 01:12:36 INFO  - ------------------- Starting SignInTest Test -------------------
02-09-2019 01:12:36 INFO  - Navigating to Login page.
02-09-2019 01:12:37 INFO  - Entering email for new account and submitting.
02-09-2019 01:12:37 INFO  - Entering personal information.
02-09-2019 01:12:39 INFO  - Entering date of birth.
02-09-2019 01:12:40 INFO  - Submitting user's personal information.
02-09-2019 01:12:42 INFO  - ------------------- Ending SignInTest Test -------------------
02-09-2019 01:12:42 INFO  - Browser Closed
02-09-2019 01:18:23 INFO  - Getting url environment variable and setting default value.
02-09-2019 01:18:23 INFO  - Initializing webdriver.
02-09-2019 01:18:25 INFO  - Navigating to Home page.
02-09-2019 01:18:28 INFO  - ------------------- Starting CheckoutTest Test -------------------
02-09-2019 01:18:28 INFO  - Getting Test Data from JSON File which can be used in this test case.
02-09-2019 01:18:30 INFO  - Browser Closed
02-09-2019 01:18:30 INFO  - Getting url environment variable and setting default value.
02-09-2019 01:18:30 INFO  - Initializing webdriver.
02-09-2019 01:18:31 INFO  - Navigating to Home page.
02-09-2019 01:18:34 INFO  - ------------------- Starting LogInTest Test -------------------
02-09-2019 01:18:34 INFO  - Navigating to Login page.
02-09-2019 01:18:35 INFO  - Entering email, password and click submit.
02-09-2019 01:18:36 INFO  - Browser Closed
02-09-2019 01:18:36 INFO  - Getting url environment variable and setting default value.
02-09-2019 01:18:36 INFO  - Initializing webdriver.
02-09-2019 01:18:38 INFO  - Navigating to Home page.
02-09-2019 01:18:41 INFO  - ------------------- Starting SignInTest Test -------------------
02-09-2019 01:18:41 INFO  - Navigating to Login page.
02-09-2019 01:18:42 INFO  - Entering email for new account and submitting.
02-09-2019 01:18:42 INFO  - Entering personal information.
02-09-2019 01:18:44 INFO  - Entering date of birth.
02-09-2019 01:18:45 INFO  - Submitting user's personal information.
02-09-2019 01:18:46 INFO  - ------------------- Ending SignInTest Test -------------------
02-09-2019 01:18:47 INFO  - Browser Closed
02-09-2019 01:20:29 INFO  - Getting url environment variable and setting default value.
02-09-2019 01:20:29 INFO  - Initializing webdriver.
02-09-2019 01:20:31 INFO  - Navigating to Home page.
02-09-2019 01:20:34 INFO  - ------------------- Starting CheckoutTest Test -------------------
02-09-2019 01:20:34 INFO  - Getting Test Data from JSON File which can be used in this test case.
02-09-2019 01:20:35 INFO  - Browser Closed
02-09-2019 01:20:35 INFO  - Getting url environment variable and setting default value.
02-09-2019 01:20:35 INFO  - Initializing webdriver.
02-09-2019 01:20:36 INFO  - Navigating to Home page.
02-09-2019 01:20:39 INFO  - ------------------- Starting LogInTest Test -------------------
02-09-2019 01:20:39 INFO  - Navigating to Login page.
02-09-2019 01:20:40 INFO  - Entering email, password and click submit.
02-09-2019 01:20:42 INFO  - Browser Closed
02-09-2019 01:20:42 INFO  - Getting url environment variable and setting default value.
02-09-2019 01:20:42 INFO  - Initializing webdriver.
02-09-2019 01:20:43 INFO  - Navigating to Home page.
02-09-2019 01:20:46 INFO  - ------------------- Starting SignInTest Test -------------------
02-09-2019 01:20:46 INFO  - Navigating to Login page.
02-09-2019 01:20:47 INFO  - Entering email for new account and submitting.
02-09-2019 01:20:47 INFO  - Entering personal information.
02-09-2019 01:20:49 INFO  - Entering date of birth.
02-09-2019 01:20:50 INFO  - Submitting user's personal information.
02-09-2019 01:20:52 INFO  - ------------------- Ending SignInTest Test -------------------
02-09-2019 01:20:52 INFO  - Browser Closed
02-09-2019 01:27:33 INFO  - Getting url environment variable and setting default value.
02-09-2019 01:27:33 INFO  - Initializing webdriver.
02-09-2019 01:27:35 INFO  - Navigating to Home page.
02-09-2019 01:27:38 INFO  - ------------------- Starting CheckoutTest Test -------------------
02-09-2019 01:27:38 INFO  - Getting Test Data from JSON File which can be used in this test case.
02-09-2019 01:27:40 INFO  - Browser Closed
02-09-2019 01:27:40 INFO  - Getting url environment variable and setting default value.
02-09-2019 01:27:40 INFO  - Initializing webdriver.
02-09-2019 01:27:41 INFO  - Navigating to Home page.
02-09-2019 01:27:44 INFO  - ------------------- Starting LogInTest Test -------------------
02-09-2019 01:27:44 INFO  - Navigating to Login page.
02-09-2019 01:27:45 INFO  - Entering email, password and click submit.
02-09-2019 01:27:47 INFO  - Browser Closed
02-09-2019 01:27:47 INFO  - Getting url environment variable and setting default value.
02-09-2019 01:27:47 INFO  - Initializing webdriver.
02-09-2019 01:27:48 INFO  - Navigating to Home page.
02-09-2019 01:27:51 INFO  - ------------------- Starting SignInTest Test -------------------
02-09-2019 01:27:51 INFO  - Navigating to Login page.
02-09-2019 01:27:52 INFO  - Entering email for new account and submitting.
02-09-2019 01:27:52 INFO  - Entering personal information.
02-09-2019 01:27:54 INFO  - Entering date of birth.
02-09-2019 01:27:55 INFO  - Submitting user's personal information.
02-09-2019 01:27:57 INFO  - ------------------- Ending SignInTest Test -------------------
02-09-2019 01:27:57 INFO  - Browser Closed
02-09-2019 21:39:16 INFO  - Getting url environment variable and setting default value.
02-09-2019 21:39:16 INFO  - Initializing webdriver.
02-09-2019 21:39:18 INFO  - Navigating to Home page.
02-09-2019 21:39:21 INFO  - ------------------- Starting CheckoutTest Test -------------------
02-09-2019 21:39:21 INFO  - Getting Test Data from JSON File which can be used in this test case.
02-09-2019 21:39:22 INFO  - Browser Closed
02-09-2019 21:39:22 INFO  - Getting url environment variable and setting default value.
02-09-2019 21:39:22 INFO  - Initializing webdriver.
02-09-2019 21:39:24 INFO  - Navigating to Home page.
02-09-2019 21:39:27 INFO  - ------------------- Starting LogInTest Test -------------------
02-09-2019 21:39:27 INFO  - Navigating to Login page.
02-09-2019 21:39:29 INFO  - Entering email, password and click submit.
02-09-2019 21:39:30 INFO  - Browser Closed
02-09-2019 21:39:30 INFO  - Getting url environment variable and setting default value.
02-09-2019 21:39:30 INFO  - Initializing webdriver.
02-09-2019 21:39:31 INFO  - Navigating to Home page.
02-09-2019 21:39:34 INFO  - ------------------- Starting SignInTest Test -------------------
02-09-2019 21:39:34 INFO  - Navigating to Login page.
02-09-2019 21:39:36 INFO  - Entering email for new account and submitting.
02-09-2019 21:39:36 INFO  - Entering personal information.
02-09-2019 21:39:38 INFO  - Entering date of birth.
02-09-2019 21:39:39 INFO  - Submitting user's personal information.
02-09-2019 21:39:41 INFO  - ------------------- Ending SignInTest Test -------------------
02-09-2019 21:39:41 INFO  - Browser Closed
02-09-2019 21:54:01 INFO  - Getting url environment variable and setting default value.
02-09-2019 21:54:01 INFO  - Initializing webdriver.
02-09-2019 21:54:03 INFO  - Navigating to Home page.
02-09-2019 21:54:07 INFO  - ------------------- Starting CheckoutTest Test -------------------
02-09-2019 21:54:07 INFO  - Getting Test Data from JSON File which can be used in this test case.
02-09-2019 21:54:08 INFO  - Browser Closed
02-09-2019 21:54:08 INFO  - Getting url environment variable and setting default value.
02-09-2019 21:54:08 INFO  - Initializing webdriver.
02-09-2019 21:54:10 INFO  - Navigating to Home page.
02-09-2019 21:54:13 INFO  - ------------------- Starting LogInTest Test -------------------
02-09-2019 21:54:13 INFO  - Navigating to Login page.
02-09-2019 21:54:14 INFO  - Entering email, password and click submit.
02-09-2019 21:54:16 INFO  - Browser Closed
02-09-2019 21:54:16 INFO  - Getting url environment variable and setting default value.
02-09-2019 21:54:16 INFO  - Initializing webdriver.
02-09-2019 21:54:17 INFO  - Navigating to Home page.
02-09-2019 21:54:21 INFO  - ------------------- Starting SignInTest Test -------------------
02-09-2019 21:54:21 INFO  - Navigating to Login page.
02-09-2019 21:54:22 INFO  - Entering email for new account and submitting.
02-09-2019 21:54:22 INFO  - Entering personal information.
02-09-2019 21:54:24 INFO  - Entering date of birth.
02-09-2019 21:54:25 INFO  - Submitting user's personal information.
02-09-2019 21:54:26 INFO  - ------------------- Ending SignInTest Test -------------------
02-09-2019 21:54:26 INFO  - Browser Closed
03-09-2019 12:11:40 INFO  - Getting url environment variable and setting default value.
03-09-2019 12:11:40 INFO  - Initializing webdriver.
03-09-2019 12:11:43 INFO  - Navigating to Home page.
03-09-2019 12:11:46 INFO  - ------------------- Starting OfferTest Test -------------------
03-09-2019 12:11:48 INFO  - ------------------- Ending OfferTest Test -------------------
03-09-2019 12:11:49 INFO  - Browser Closed
03-09-2019 12:12:18 INFO  - Getting url environment variable and setting default value.
03-09-2019 12:12:18 INFO  - Initializing webdriver.
03-09-2019 12:12:20 INFO  - Navigating to Home page.
03-09-2019 12:12:23 INFO  - ------------------- Starting OfferTest Test -------------------
03-09-2019 12:12:24 INFO  - ------------------- Ending OfferTest Test -------------------
03-09-2019 12:12:24 INFO  - Browser Closed
03-09-2019 12:18:44 INFO  - Getting url environment variable and setting default value.
03-09-2019 12:18:44 INFO  - Initializing webdriver.
03-09-2019 12:18:46 INFO  - Navigating to Home page.
03-09-2019 12:18:49 INFO  - ------------------- Starting OfferTest Test -------------------
03-09-2019 12:18:51 INFO  - ------------------- Ending OfferTest Test -------------------
03-09-2019 12:18:51 INFO  - Browser Closed
03-09-2019 12:26:38 INFO  - Getting url environment variable and setting default value.
03-09-2019 12:26:38 INFO  - Initializing webdriver.
03-09-2019 12:26:40 INFO  - Navigating to Home page.
03-09-2019 12:26:41 INFO  - ------------------- Starting OfferTest Test -------------------
03-09-2019 12:26:43 INFO  - ------------------- Ending OfferTest Test -------------------
03-09-2019 12:26:43 INFO  - Browser Closed
03-09-2019 13:17:21 INFO  - Getting url environment variable and setting default value.
03-09-2019 13:17:21 INFO  - Initializing webdriver.
03-09-2019 13:17:23 INFO  - Navigating to Home page.
03-09-2019 13:17:24 INFO  - ------------------- Starting OfferTest Test -------------------
03-09-2019 13:17:26 INFO  - ------------------- Ending OfferTest Test -------------------
03-09-2019 13:17:26 INFO  - Browser Closed
03-09-2019 13:19:04 INFO  - Getting url environment variable and setting default value.
03-09-2019 13:19:04 INFO  - Initializing webdriver.
03-09-2019 13:19:06 INFO  - Navigating to Home page.
03-09-2019 13:19:07 INFO  - ------------------- Starting OfferTest Test -------------------
03-09-2019 13:19:09 INFO  - ------------------- Ending OfferTest Test -------------------
03-09-2019 13:19:09 INFO  - Browser Closed
